<?xml version="1.0" encoding="UTF-8" ?>
<testsuites name="vitest tests" tests="8" failures="0" errors="0" time="0.464">
    <testsuite name="src/index.spec.ts" timestamp="2025-01-17T12:44:22.280Z" hostname="Sorins-MacBook-Pro.local" tests="8" failures="0" errors="0" skipped="0" time="0.012">
        <testcase classname="src/index.spec.ts" name="useFlexSearch &gt; documentIndex &gt; should get 1 result on searching by firstName" time="0.007">
        </testcase>
        <testcase classname="src/index.spec.ts" name="useFlexSearch &gt; documentIndex &gt; should get 1 result on searching by lastName" time="0.001">
        </testcase>
        <testcase classname="src/index.spec.ts" name="useFlexSearch &gt; documentIndex &gt; should get nothing in results for empty query" time="0.001">
        </testcase>
        <testcase classname="src/index.spec.ts" name="useFlexSearch &gt; documentIndex &gt; should get console warn for no store provided" time="0.001">
        </testcase>
        <testcase classname="src/index.spec.ts" name="useFlexSearch &gt; documentIndex &gt; should get console warn for no index provided" time="0">
        </testcase>
        <testcase classname="src/index.spec.ts" name="useFlexSearch &gt; documentIndex &gt; should get console warn for no index and no store provided" time="0">
        </testcase>
        <testcase classname="src/index.spec.ts" name="useFlexSearch &gt; index &gt; should get N result one query change by type of Animal" time="0.001">
        </testcase>
        <testcase classname="src/index.spec.ts" name="useFlexSearch &gt; index &gt; should get warn for no index" time="0">
        </testcase>
    </testsuite>
</testsuites>
